{"level":"debug","message":"Logging initialized at debug level"}
{"level":"debug","message":"Using .env file to supply config environment variables"}
{"level":"error","message":[]}
{"level":"debug","message":"Logging initialized at debug level"}
{"level":"debug","message":"Using .env file to supply config environment variables"}
{"level":"debug","message":"Logging initialized at debug level"}
{"level":"debug","message":"Using .env file to supply config environment variables"}
{"level":"debug","message":"Logging initialized at debug level"}
{"level":"debug","message":"Using .env file to supply config environment variables"}
{"level":"debug","message":"Logging initialized at debug level"}
{"level":"debug","message":"Using .env file to supply config environment variables"}
{"level":"debug","message":"Logging initialized at debug level"}
{"level":"debug","message":"Using .env file to supply config environment variables"}
{"level":"debug","message":"Logging initialized at debug level"}
{"level":"debug","message":"Using .env file to supply config environment variables"}
{"level":"debug","message":"Logging initialized at debug level"}
{"level":"debug","message":"Using .env file to supply config environment variables"}
{"level":"debug","message":"Logging initialized at debug level"}
{"level":"debug","message":"Using .env file to supply config environment variables"}
{"level":"error","message":[{"__v":0,"_id":"6637eb829e543f4620baa313","message":"omar","token":"321"}]}
{"level":"debug","message":"Logging initialized at debug level"}
{"level":"debug","message":"Using .env file to supply config environment variables"}
{"level":"debug","message":"Logging initialized at debug level"}
{"level":"debug","message":"Using .env file to supply config environment variables"}
{"level":"debug","message":"Logging initialized at debug level"}
{"level":"debug","message":"Using .env file to supply config environment variables"}
{"level":"debug","message":"Logging initialized at debug level"}
{"level":"debug","message":"Using .env file to supply config environment variables"}
{"level":"debug","message":"Logging initialized at debug level"}
{"level":"debug","message":"Using .env file to supply config environment variables"}
{"level":"debug","message":"Logging initialized at debug level"}
{"level":"debug","message":"Using .env file to supply config environment variables"}
{"level":"debug","message":"Logging initialized at debug level"}
{"level":"debug","message":"Using .env file to supply config environment variables"}
{"level":"error","message":[{"__v":0,"_id":"6637eb829e543f4620baa313","message":"omar","token":"321"}]}
{"level":"error","message":[{"__v":0,"_id":"6637eb829e543f4620baa313","message":"omar","token":"321"}]}
{"level":"debug","message":"Logging initialized at debug level"}
{"level":"debug","message":"Using .env file to supply config environment variables"}
{"level":"error","message":[{"__v":0,"_id":"6637eb829e543f4620baa313","message":"omar","token":"321"}]}
{"level":"debug","message":"Logging initialized at debug level"}
{"level":"debug","message":"Using .env file to supply config environment variables"}
{"level":"debug","message":"Logging initialized at debug level"}
{"level":"debug","message":"Using .env file to supply config environment variables"}
{"level":"error","message":[{"__v":0,"_id":"6637eb829e543f4620baa313","message":"omar","token":"321"}]}
{"level":"debug","message":"Logging initialized at debug level"}
{"level":"debug","message":"Using .env file to supply config environment variables"}
{"level":"debug","message":"Logging initialized at debug level"}
{"level":"debug","message":"Using .env file to supply config environment variables"}
{"level":"debug","message":"Logging initialized at debug level"}
{"level":"debug","message":"Using .env file to supply config environment variables"}
{"level":"debug","message":"Logging initialized at debug level"}
{"level":"debug","message":"Using .env file to supply config environment variables"}
{"level":"debug","message":"Logging initialized at debug level"}
{"level":"debug","message":"Using .env file to supply config environment variables"}
{"level":"debug","message":"Logging initialized at debug level"}
{"level":"debug","message":"Using .env file to supply config environment variables"}
{"level":"debug","message":"Logging initialized at debug level"}
{"level":"debug","message":"Using .env file to supply config environment variables"}
{"level":"debug","message":"Logging initialized at debug level"}
{"level":"debug","message":"Using .env file to supply config environment variables"}
{"level":"debug","message":"Logging initialized at debug level"}
{"level":"debug","message":"Using .env file to supply config environment variables"}
{"level":"debug","message":"Logging initialized at debug level"}
{"level":"debug","message":"Using .env file to supply config environment variables"}
{"level":"debug","message":"Logging initialized at debug level"}
{"level":"debug","message":"Using .env file to supply config environment variables"}
{"level":"debug","message":"Logging initialized at debug level"}
{"level":"debug","message":"Using .env file to supply config environment variables"}
{"level":"debug","message":"Logging initialized at debug level"}
{"level":"debug","message":"Using .env file to supply config environment variables"}
{"level":"debug","message":"Logging initialized at debug level"}
{"level":"debug","message":"Using .env file to supply config environment variables"}
{"level":"debug","message":"Logging initialized at debug level"}
{"level":"debug","message":"Using .env file to supply config environment variables"}
{"level":"debug","message":"Logging initialized at debug level"}
{"level":"debug","message":"Using .env file to supply config environment variables"}
{"level":"debug","message":"Logging initialized at debug level"}
{"level":"debug","message":"Using .env file to supply config environment variables"}
{"level":"debug","message":"Logging initialized at debug level"}
{"level":"debug","message":"Using .env file to supply config environment variables"}
{"level":"debug","message":"Logging initialized at debug level"}
{"level":"debug","message":"Using .env file to supply config environment variables"}
{"level":"debug","message":"Logging initialized at debug level"}
{"level":"debug","message":"Using .env file to supply config environment variables"}
{"level":"debug","message":"Logging initialized at debug level"}
{"level":"debug","message":"Using .env file to supply config environment variables"}
{"level":"debug","message":"Logging initialized at debug level"}
{"level":"debug","message":"Using .env file to supply config environment variables"}
{"level":"debug","message":"Logging initialized at debug level"}
{"level":"debug","message":"Using .env file to supply config environment variables"}
{"level":"debug","message":"Logging initialized at debug level"}
{"level":"debug","message":"Using .env file to supply config environment variables"}
{"level":"debug","message":"Logging initialized at debug level"}
{"level":"debug","message":"Using .env file to supply config environment variables"}
{"level":"debug","message":"Logging initialized at debug level"}
{"level":"debug","message":"Using .env file to supply config environment variables"}
{"level":"debug","message":"Logging initialized at debug level"}
{"level":"debug","message":"Using .env file to supply config environment variables"}
{"level":"debug","message":"Logging initialized at debug level"}
{"level":"debug","message":"Using .env file to supply config environment variables"}
{"level":"debug","message":"Logging initialized at debug level"}
{"level":"debug","message":"Using .env file to supply config environment variables"}
{"level":"debug","message":"Logging initialized at debug level"}
{"level":"debug","message":"Using .env file to supply config environment variables"}
{"level":"debug","message":"Logging initialized at debug level"}
{"level":"debug","message":"Using .env file to supply config environment variables"}
{"level":"debug","message":"Logging initialized at debug level"}
{"level":"debug","message":"Using .env file to supply config environment variables"}
{"level":"debug","message":"Logging initialized at debug level"}
{"level":"debug","message":"Using .env file to supply config environment variables"}
{"level":"debug","message":"Logging initialized at debug level"}
{"level":"debug","message":"Using .env file to supply config environment variables"}
{"level":"debug","message":"Logging initialized at debug level"}
{"level":"debug","message":"Using .env file to supply config environment variables"}
{"level":"debug","message":"Logging initialized at debug level"}
{"level":"debug","message":"Using .env file to supply config environment variables"}
{"level":"debug","message":"Logging initialized at debug level"}
{"level":"debug","message":"Using .env file to supply config environment variables"}
{"level":"debug","message":"Logging initialized at debug level"}
{"level":"debug","message":"Using .env file to supply config environment variables"}
{"level":"debug","message":"Logging initialized at debug level"}
{"level":"debug","message":"Using .env file to supply config environment variables"}
{"level":"debug","message":"Logging initialized at debug level"}
{"level":"debug","message":"Using .env file to supply config environment variables"}
{"level":"debug","message":"Logging initialized at debug level"}
{"level":"debug","message":"Using .env file to supply config environment variables"}
{"level":"debug","message":"Logging initialized at debug level"}
{"level":"debug","message":"Using .env file to supply config environment variables"}
{"level":"debug","message":"Logging initialized at debug level"}
{"level":"debug","message":"Using .env file to supply config environment variables"}
{"level":"debug","message":"Logging initialized at debug level"}
{"level":"debug","message":"Using .env file to supply config environment variables"}
{"level":"debug","message":"Logging initialized at debug level"}
{"level":"debug","message":"Using .env file to supply config environment variables"}
{"level":"debug","message":"Logging initialized at debug level"}
{"level":"debug","message":"Using .env file to supply config environment variables"}
{"level":"debug","message":"Logging initialized at debug level"}
{"level":"debug","message":"Using .env file to supply config environment variables"}
{"level":"debug","message":"Logging initialized at debug level"}
{"level":"debug","message":"Using .env file to supply config environment variables"}
{"level":"debug","message":"Logging initialized at debug level"}
{"level":"debug","message":"Using .env file to supply config environment variables"}
{"level":"debug","message":"Logging initialized at debug level"}
{"level":"debug","message":"Using .env file to supply config environment variables"}
{"level":"debug","message":"Logging initialized at debug level"}
{"level":"debug","message":"Using .env file to supply config environment variables"}
{"level":"debug","message":"Logging initialized at debug level"}
{"level":"debug","message":"Using .env file to supply config environment variables"}
{"level":"debug","message":"Logging initialized at debug level"}
{"level":"debug","message":"Using .env file to supply config environment variables"}
{"level":"debug","message":"Logging initialized at debug level"}
{"level":"debug","message":"Using .env file to supply config environment variables"}
{"level":"debug","message":"Logging initialized at debug level"}
{"level":"debug","message":"Using .env file to supply config environment variables"}
{"level":"debug","message":"Logging initialized at debug level"}
{"level":"debug","message":"Using .env file to supply config environment variables"}
{"level":"debug","message":"Logging initialized at debug level"}
{"level":"debug","message":"Using .env file to supply config environment variables"}
{"level":"debug","message":"Logging initialized at debug level"}
{"level":"debug","message":"Using .env file to supply config environment variables"}
{"level":"debug","message":"Logging initialized at debug level"}
{"level":"debug","message":"Using .env file to supply config environment variables"}
{"level":"debug","message":"Logging initialized at debug level"}
{"level":"debug","message":"Using .env file to supply config environment variables"}
{"level":"debug","message":"Logging initialized at debug level"}
{"level":"debug","message":"Using .env file to supply config environment variables"}
{"level":"debug","message":"Logging initialized at debug level"}
{"level":"debug","message":"Using .env file to supply config environment variables"}
{"level":"debug","message":"Logging initialized at debug level"}
{"level":"debug","message":"Using .env file to supply config environment variables"}
{"level":"debug","message":"Logging initialized at debug level"}
{"level":"debug","message":"Using .env file to supply config environment variables"}
{"level":"debug","message":"Logging initialized at debug level"}
{"level":"debug","message":"Using .env file to supply config environment variables"}
{"level":"debug","message":"Logging initialized at debug level"}
{"level":"debug","message":"Using .env file to supply config environment variables"}
{"level":"debug","message":"Logging initialized at debug level"}
{"level":"debug","message":"Using .env file to supply config environment variables"}
{"level":"debug","message":"Logging initialized at debug level"}
{"level":"debug","message":"Using .env file to supply config environment variables"}
{"level":"debug","message":"Logging initialized at debug level"}
{"level":"debug","message":"Using .env file to supply config environment variables"}
{"level":"debug","message":"Logging initialized at debug level"}
{"level":"debug","message":"Using .env file to supply config environment variables"}
{"level":"debug","message":"Logging initialized at debug level"}
{"level":"debug","message":"Using .env file to supply config environment variables"}
{"level":"debug","message":"Logging initialized at debug level"}
{"level":"debug","message":"Using .env file to supply config environment variables"}
{"level":"debug","message":"Logging initialized at debug level"}
{"level":"debug","message":"Using .env file to supply config environment variables"}
{"level":"debug","message":"Logging initialized at debug level"}
{"level":"debug","message":"Using .env file to supply config environment variables"}
{"level":"debug","message":"Logging initialized at debug level"}
{"level":"debug","message":"Using .env file to supply config environment variables"}
{"level":"debug","message":"Logging initialized at debug level"}
{"level":"debug","message":"Using .env file to supply config environment variables"}
{"level":"debug","message":"Logging initialized at debug level"}
{"level":"debug","message":"Using .env file to supply config environment variables"}
{"level":"debug","message":"Logging initialized at debug level"}
{"level":"debug","message":"Using .env file to supply config environment variables"}
{"level":"debug","message":"Logging initialized at debug level"}
{"level":"debug","message":"Using .env file to supply config environment variables"}
{"level":"debug","message":"Logging initialized at debug level"}
{"level":"debug","message":"Using .env file to supply config environment variables"}
{"level":"debug","message":"Logging initialized at debug level"}
{"level":"debug","message":"Using .env file to supply config environment variables"}
{"level":"error","message":{"errorId":"bfaa9843-20ed-4fcf-b4b4-6eb0572cc453","source":{}}}
{"level":"debug","message":"Logging initialized at debug level"}
{"level":"debug","message":"Using .env file to supply config environment variables"}
{"level":"error","message":{"errorId":"56a8bbe2-0241-4bff-8657-f0f5378e9b67","source":{}}}
{"level":"error","message":{"errorId":"356ed636-ff86-4039-a442-44a209f5af1a","source":{}}}
{"level":"debug","message":"Logging initialized at debug level"}
{"level":"debug","message":"Using .env file to supply config environment variables"}
{"level":"error","message":{"errorId":"6dc89abc-edb5-432b-8eb0-8734d63cf6cc","source":{}}}
{"level":"debug","message":"Logging initialized at debug level"}
{"level":"debug","message":"Using .env file to supply config environment variables"}
{"level":"error","message":{"errorId":"8b846d7a-c97a-4d49-a1cf-18d399d0f771","source":{}}}
{"level":"error","message":{"errorId":"d12c587b-72a8-4fb2-b799-575f63a3fea7","source":{}}}
{"level":"debug","message":"Logging initialized at debug level"}
{"level":"debug","message":"Using .env file to supply config environment variables"}
{"level":"debug","message":"Logging initialized at debug level"}
{"level":"debug","message":"Using .env file to supply config environment variables"}
{"level":"error","message":{"errorId":"d6ac1f56-9cee-4207-9bae-2dd9c2c93863","source":{}}}
{"level":"debug","message":"Logging initialized at debug level"}
{"level":"debug","message":"Using .env file to supply config environment variables"}
{"level":"error","message":{"errorId":"f6dd8e54-2a4c-4706-a234-b5b3834b10d2","source":{}}}
{"level":"debug","message":"Logging initialized at debug level"}
{"level":"debug","message":"Using .env file to supply config environment variables"}
{"level":"error","message":{"errorId":"f93f22dc-444a-4a82-8efb-1c5585a6dbbc","source":{}}}
{"level":"debug","message":"Logging initialized at debug level"}
{"level":"debug","message":"Using .env file to supply config environment variables"}
{"level":"error","message":{"errorId":"211376ec-7aa2-4b33-9c35-b83dd90e1ea8","source":{}}}
{"level":"debug","message":"Logging initialized at debug level"}
{"level":"debug","message":"Using .env file to supply config environment variables"}
{"level":"debug","message":"Logging initialized at debug level"}
{"level":"debug","message":"Using .env file to supply config environment variables"}
{"level":"error","message":{"errorId":"fb5252ba-2ad0-47de-91c6-b6ed86a259a4","source":{}}}
{"level":"error","message":{"errorId":"6b9d8c51-bb13-4bc5-8a5e-6e85fc136f14","source":{}}}
{"level":"debug","message":"Logging initialized at debug level"}
{"level":"debug","message":"Using .env file to supply config environment variables"}
{"level":"debug","message":"Logging initialized at debug level"}
{"level":"debug","message":"Using .env file to supply config environment variables"}
{"level":"debug","message":"Logging initialized at debug level"}
{"level":"debug","message":"Using .env file to supply config environment variables"}
{"level":"debug","message":"Logging initialized at debug level"}
{"level":"debug","message":"Using .env file to supply config environment variables"}
{"level":"error","message":{"errorId":"76efe4da-f9ca-4845-8758-c01c204a7a2c","source":{}}}
{"level":"debug","message":"Logging initialized at debug level"}
{"level":"debug","message":"Using .env file to supply config environment variables"}
{"level":"debug","message":"Logging initialized at debug level"}
{"level":"debug","message":"Using .env file to supply config environment variables"}
{"level":"error","message":{"errorId":"d93f120d-a1c9-4743-95c4-6f2f8f36d99d","source":{}}}
{"level":"debug","message":"Logging initialized at debug level"}
{"level":"debug","message":"Using .env file to supply config environment variables"}
{"level":"debug","message":"Logging initialized at debug level"}
{"level":"debug","message":"Using .env file to supply config environment variables"}
{"level":"error","message":{"errorId":"91a9d4a6-9c9c-42d3-b83b-7734ca452743","source":{}}}
{"level":"debug","message":"Logging initialized at debug level"}
{"level":"debug","message":"Using .env file to supply config environment variables"}
{"level":"debug","message":"Logging initialized at debug level"}
{"level":"debug","message":"Using .env file to supply config environment variables"}
{"level":"error","message":{"errorId":"6df2feb9-d623-44eb-9828-5c52e0823e9c","source":{}}}
{"level":"debug","message":"Logging initialized at debug level"}
{"level":"debug","message":"Using .env file to supply config environment variables"}
{"level":"error","message":{"errorId":"9d38cede-3c1c-418a-93e8-fa842b49001c","source":{}}}
{"level":"error","message":{"errorId":"7d17fffb-94ce-4b2d-98ab-210e02c3776e","source":{}}}
{"level":"debug","message":"Logging initialized at debug level"}
{"level":"debug","message":"Using .env file to supply config environment variables"}
{"level":"error","message":{"errorId":"e988b65f-2ea6-4502-a8e1-f393b17cfa4a","source":{}}}
{"level":"debug","message":"Logging initialized at debug level"}
{"level":"debug","message":"Using .env file to supply config environment variables"}
{"level":"debug","message":"Logging initialized at debug level"}
{"level":"debug","message":"Using .env file to supply config environment variables"}
{"level":"debug","message":"Logging initialized at debug level"}
{"level":"debug","message":"Using .env file to supply config environment variables"}
{"level":"error","message":{"errorId":"275742d1-7ea0-4794-b4b2-f90990ac86a1","source":{}}}
{"level":"debug","message":"Logging initialized at debug level"}
{"level":"debug","message":"Using .env file to supply config environment variables"}
{"level":"debug","message":"Logging initialized at debug level"}
{"level":"debug","message":"Using .env file to supply config environment variables"}
